2019-11-26 09:21:58,323 - ResourceManager : unable to find resource 'templates/signed.vtl' in any resource loader.
2019-11-26 09:21:58,323 - ResourceManager : unable to find resource 'templates/signed.vtl' in any resource loader.
2019-11-26 09:22:01,138 - ResourceManager : unable to find resource 'templates/signed.vtl' in any resource loader.
2019-11-26 09:22:01,138 - ResourceManager : unable to find resource 'templates/signed.vtl' in any resource loader.
2019-11-27 11:03:27,455 - Parser Exception: templates/battle.vtl
org.apache.velocity.runtime.parser.ParseException: Encountered "{" at line 32, column 53.
Was expecting one of:
    "[" ...
    <RPAREN> ...
    <WHITESPACE> ...
    "-" ...
    "+" ...
    "*" ...
    "/" ...
    "%" ...
    <LOGICAL_AND> ...
    <LOGICAL_OR> ...
    <LOGICAL_LT> ...
    <LOGICAL_LE> ...
    <LOGICAL_GT> ...
    <LOGICAL_GE> ...
    <LOGICAL_EQUALS> ...
    <LOGICAL_NOT_EQUALS> ...
    
	at org.apache.velocity.runtime.parser.Parser.generateParseException(Parser.java:3679)
	at org.apache.velocity.runtime.parser.Parser.jj_consume_token(Parser.java:3558)
	at org.apache.velocity.runtime.parser.Parser.IfStatement(Parser.java:1656)
	at org.apache.velocity.runtime.parser.Parser.Statement(Parser.java:352)
	at org.apache.velocity.runtime.parser.Parser.process(Parser.java:317)
	at org.apache.velocity.runtime.parser.Parser.parse(Parser.java:117)
	at org.apache.velocity.runtime.RuntimeInstance.parse(RuntimeInstance.java:1226)
	at org.apache.velocity.runtime.RuntimeInstance.parse(RuntimeInstance.java:1181)
	at org.apache.velocity.Template.process(Template.java:134)
	at org.apache.velocity.runtime.resource.ResourceManagerImpl.loadResource(ResourceManagerImpl.java:437)
	at org.apache.velocity.runtime.resource.ResourceManagerImpl.getResource(ResourceManagerImpl.java:352)
	at org.apache.velocity.runtime.RuntimeInstance.getTemplate(RuntimeInstance.java:1533)
	at org.apache.velocity.app.VelocityEngine.getTemplate(VelocityEngine.java:392)
	at VelocityTemplateEngine.render(VelocityTemplateEngine.java:79)
	at spark.TemplateViewRouteImpl$1.render(TemplateViewRouteImpl.java:61)
	at spark.TemplateViewRouteImpl$1.render(TemplateViewRouteImpl.java:58)
	at spark.TemplateViewRouteImpl.render(TemplateViewRouteImpl.java:86)
	at spark.http.matching.Routes.execute(Routes.java:63)
	at spark.http.matching.MatcherFilter.doFilter(MatcherFilter.java:130)
	at spark.embeddedserver.jetty.JettyHandler.doHandle(JettyHandler.java:50)
	at org.eclipse.jetty.server.session.SessionHandler.doScope(SessionHandler.java:1568)
	at org.eclipse.jetty.server.handler.ScopedHandler.handle(ScopedHandler.java:141)
	at org.eclipse.jetty.server.handler.HandlerWrapper.handle(HandlerWrapper.java:132)
	at org.eclipse.jetty.server.Server.handle(Server.java:530)
	at org.eclipse.jetty.server.HttpChannel.handle(HttpChannel.java:347)
	at org.eclipse.jetty.server.HttpConnection.onFillable(HttpConnection.java:256)
	at org.eclipse.jetty.io.AbstractConnection$ReadCallback.succeeded(AbstractConnection.java:279)
	at org.eclipse.jetty.io.FillInterest.fillable(FillInterest.java:102)
	at org.eclipse.jetty.io.ChannelEndPoint$2.run(ChannelEndPoint.java:124)
	at org.eclipse.jetty.util.thread.strategy.EatWhatYouKill.doProduce(EatWhatYouKill.java:247)
	at org.eclipse.jetty.util.thread.strategy.EatWhatYouKill.produce(EatWhatYouKill.java:140)
	at org.eclipse.jetty.util.thread.QueuedThreadPool.runJob(QueuedThreadPool.java:708)
	at org.eclipse.jetty.util.thread.QueuedThreadPool$2.run(QueuedThreadPool.java:626)
	at java.base/java.lang.Thread.run(Thread.java:830)
2019-11-27 11:03:27,463 - ResourceManager.getResource() parse exception
org.apache.velocity.exception.ParseErrorException: Encountered "{" at templates/battle.vtl[line 32, column 53]
Was expecting one of:
    "[" ...
    <RPAREN> ...
    <WHITESPACE> ...
    "-" ...
    "+" ...
    "*" ...
    "/" ...
    "%" ...
    <LOGICAL_AND> ...
    <LOGICAL_OR> ...
    <LOGICAL_LT> ...
    <LOGICAL_LE> ...
    <LOGICAL_GT> ...
    <LOGICAL_GE> ...
    <LOGICAL_EQUALS> ...
    <LOGICAL_NOT_EQUALS> ...
    
	at org.apache.velocity.Template.process(Template.java:151)
	at org.apache.velocity.runtime.resource.ResourceManagerImpl.loadResource(ResourceManagerImpl.java:437)
	at org.apache.velocity.runtime.resource.ResourceManagerImpl.getResource(ResourceManagerImpl.java:352)
	at org.apache.velocity.runtime.RuntimeInstance.getTemplate(RuntimeInstance.java:1533)
	at org.apache.velocity.app.VelocityEngine.getTemplate(VelocityEngine.java:392)
	at VelocityTemplateEngine.render(VelocityTemplateEngine.java:79)
	at spark.TemplateViewRouteImpl$1.render(TemplateViewRouteImpl.java:61)
	at spark.TemplateViewRouteImpl$1.render(TemplateViewRouteImpl.java:58)
	at spark.TemplateViewRouteImpl.render(TemplateViewRouteImpl.java:86)
	at spark.http.matching.Routes.execute(Routes.java:63)
	at spark.http.matching.MatcherFilter.doFilter(MatcherFilter.java:130)
	at spark.embeddedserver.jetty.JettyHandler.doHandle(JettyHandler.java:50)
	at org.eclipse.jetty.server.session.SessionHandler.doScope(SessionHandler.java:1568)
	at org.eclipse.jetty.server.handler.ScopedHandler.handle(ScopedHandler.java:141)
	at org.eclipse.jetty.server.handler.HandlerWrapper.handle(HandlerWrapper.java:132)
	at org.eclipse.jetty.server.Server.handle(Server.java:530)
	at org.eclipse.jetty.server.HttpChannel.handle(HttpChannel.java:347)
	at org.eclipse.jetty.server.HttpConnection.onFillable(HttpConnection.java:256)
	at org.eclipse.jetty.io.AbstractConnection$ReadCallback.succeeded(AbstractConnection.java:279)
	at org.eclipse.jetty.io.FillInterest.fillable(FillInterest.java:102)
	at org.eclipse.jetty.io.ChannelEndPoint$2.run(ChannelEndPoint.java:124)
	at org.eclipse.jetty.util.thread.strategy.EatWhatYouKill.doProduce(EatWhatYouKill.java:247)
	at org.eclipse.jetty.util.thread.strategy.EatWhatYouKill.produce(EatWhatYouKill.java:140)
	at org.eclipse.jetty.util.thread.QueuedThreadPool.runJob(QueuedThreadPool.java:708)
	at org.eclipse.jetty.util.thread.QueuedThreadPool$2.run(QueuedThreadPool.java:626)
	at java.base/java.lang.Thread.run(Thread.java:830)
2019-11-28 17:00:42,251 - ResourceManager.getResource() parse exception
org.apache.velocity.exception.ParseErrorException: Lexical error,   Encountered: "&" (38), after : "" at templates/battle.vtl[line 41, column 55]
	at org.apache.velocity.Template.process(Template.java:151)
	at org.apache.velocity.runtime.resource.ResourceManagerImpl.loadResource(ResourceManagerImpl.java:437)
	at org.apache.velocity.runtime.resource.ResourceManagerImpl.getResource(ResourceManagerImpl.java:352)
	at org.apache.velocity.runtime.RuntimeInstance.getTemplate(RuntimeInstance.java:1533)
	at org.apache.velocity.app.VelocityEngine.getTemplate(VelocityEngine.java:392)
	at VelocityTemplateEngine.render(VelocityTemplateEngine.java:79)
	at spark.TemplateViewRouteImpl$1.render(TemplateViewRouteImpl.java:61)
	at spark.TemplateViewRouteImpl$1.render(TemplateViewRouteImpl.java:58)
	at spark.TemplateViewRouteImpl.render(TemplateViewRouteImpl.java:86)
	at spark.http.matching.Routes.execute(Routes.java:63)
	at spark.http.matching.MatcherFilter.doFilter(MatcherFilter.java:130)
	at spark.embeddedserver.jetty.JettyHandler.doHandle(JettyHandler.java:50)
	at org.eclipse.jetty.server.session.SessionHandler.doScope(SessionHandler.java:1568)
	at org.eclipse.jetty.server.handler.ScopedHandler.handle(ScopedHandler.java:141)
	at org.eclipse.jetty.server.handler.HandlerWrapper.handle(HandlerWrapper.java:132)
	at org.eclipse.jetty.server.Server.handle(Server.java:530)
	at org.eclipse.jetty.server.HttpChannel.handle(HttpChannel.java:347)
	at org.eclipse.jetty.server.HttpConnection.onFillable(HttpConnection.java:256)
	at org.eclipse.jetty.io.AbstractConnection$ReadCallback.succeeded(AbstractConnection.java:279)
	at org.eclipse.jetty.io.FillInterest.fillable(FillInterest.java:102)
	at org.eclipse.jetty.io.ChannelEndPoint$2.run(ChannelEndPoint.java:124)
	at org.eclipse.jetty.util.thread.strategy.EatWhatYouKill.doProduce(EatWhatYouKill.java:247)
	at org.eclipse.jetty.util.thread.strategy.EatWhatYouKill.produce(EatWhatYouKill.java:140)
	at org.eclipse.jetty.util.thread.QueuedThreadPool.runJob(QueuedThreadPool.java:708)
	at org.eclipse.jetty.util.thread.QueuedThreadPool$2.run(QueuedThreadPool.java:626)
	at java.base/java.lang.Thread.run(Thread.java:830)
2019-11-29 14:39:22,483 - Left side ($player.healthPotions) of '>' operation has null value at templates/battle.vtl[line 63, column 62]
2019-11-29 14:39:58,667 - Left side ($player.healthPotions) of '>' operation has null value at templates/battle.vtl[line 63, column 62]
2019-11-29 14:40:08,828 - Left side ($player.healthPotions) of '>' operation has null value at templates/battle.vtl[line 63, column 62]
2019-11-29 14:40:15,946 - Left side ($player.healthPotions) of '>' operation has null value at templates/battle.vtl[line 63, column 62]
2019-11-29 14:40:59,683 - Left side ($player.healthPotions) of '>' operation has null value at templates/battle.vtl[line 63, column 62]
2019-11-29 14:41:24,347 - Left side ($player.healthPotions) of '>' operation has null value at templates/battle.vtl[line 63, column 62]
2019-11-29 14:41:28,364 - Left side ($player.healthPotions) of '>' operation has null value at templates/battle.vtl[line 63, column 62]
2019-11-29 14:42:01,249 - Left side ($player.healthPotions) of '>' operation has null value at templates/battle.vtl[line 63, column 62]
2019-11-29 14:42:01,249 - Left side ($player.healthPotions) of '>' operation has null value at templates/battle.vtl[line 63, column 62]
2019-11-29 14:42:11,843 - Left side ($player.healthPotions) of '>' operation has null value at templates/battle.vtl[line 63, column 62]
2019-11-29 14:42:11,843 - Left side ($player.healthPotions) of '>' operation has null value at templates/battle.vtl[line 63, column 62]
2019-11-29 14:42:32,541 - Left side ($player.healthPotions) of '>' operation has null value at templates/battle.vtl[line 63, column 62]
2019-11-29 14:42:32,541 - Left side ($player.healthPotions) of '>' operation has null value at templates/battle.vtl[line 63, column 62]
2019-11-29 14:42:57,093 - Left side ($player.healthPotions) of '>' operation has null value at templates/battle.vtl[line 63, column 62]
2019-11-29 14:42:57,093 - Left side ($player.healthPotions) of '>' operation has null value at templates/battle.vtl[line 63, column 62]
2019-11-29 14:43:24,011 - Left side ($player.healthPotions) of '>' operation has null value at templates/battle.vtl[line 63, column 62]
2019-11-29 14:43:24,011 - Left side ($player.healthPotions) of '>' operation has null value at templates/battle.vtl[line 63, column 62]
2019-11-29 14:43:32,944 - Left side ($player.healthPotions) of '>' operation has null value at templates/battle.vtl[line 63, column 62]
2019-11-29 14:43:32,944 - Left side ($player.healthPotions) of '>' operation has null value at templates/battle.vtl[line 63, column 62]
2019-11-29 14:43:39,800 - Left side ($player.healthPotions) of '>' operation has null value at templates/battle.vtl[line 63, column 62]
2019-11-29 14:43:39,800 - Left side ($player.healthPotions) of '>' operation has null value at templates/battle.vtl[line 63, column 62]
2019-11-29 14:43:43,638 - Left side ($player.healthPotions) of '>' operation has null value at templates/battle.vtl[line 63, column 62]
2019-11-29 14:43:43,638 - Left side ($player.healthPotions) of '>' operation has null value at templates/battle.vtl[line 63, column 62]
2019-11-29 14:43:48,401 - Left side ($player.healthPotions) of '>' operation has null value at templates/battle.vtl[line 63, column 62]
2019-11-29 14:43:48,401 - Left side ($player.healthPotions) of '>' operation has null value at templates/battle.vtl[line 63, column 62]
2019-11-29 14:44:12,145 - Left side ($player.healthPotions) of '>' operation has null value at templates/battle.vtl[line 63, column 62]
2019-11-29 14:44:12,145 - Left side ($player.healthPotions) of '>' operation has null value at templates/battle.vtl[line 63, column 62]
2019-11-29 14:44:27,092 - Left side ($player.healthPotions) of '>' operation has null value at templates/battle.vtl[line 63, column 62]
2019-11-29 14:44:27,092 - Left side ($player.healthPotions) of '>' operation has null value at templates/battle.vtl[line 63, column 62]
2019-11-29 14:44:31,163 - Left side ($player.healthPotions) of '>' operation has null value at templates/battle.vtl[line 63, column 62]
2019-11-29 14:44:31,163 - Left side ($player.healthPotions) of '>' operation has null value at templates/battle.vtl[line 63, column 62]
2019-11-29 14:44:35,765 - Left side ($player.healthPotions) of '>' operation has null value at templates/battle.vtl[line 63, column 62]
2019-11-29 14:44:35,765 - Left side ($player.healthPotions) of '>' operation has null value at templates/battle.vtl[line 63, column 62]
2019-11-29 14:44:52,529 - Left side ($player.healthPotions) of '>' operation has null value at templates/battle.vtl[line 63, column 62]
2019-11-29 14:44:52,529 - Left side ($player.healthPotions) of '>' operation has null value at templates/battle.vtl[line 63, column 62]
2019-11-29 14:45:01,420 - Left side ($player.healthPotions) of '>' operation has null value at templates/battle.vtl[line 63, column 62]
2019-11-29 14:45:01,420 - Left side ($player.healthPotions) of '>' operation has null value at templates/battle.vtl[line 63, column 62]
2019-11-29 14:45:05,229 - Left side ($player.healthPotions) of '>' operation has null value at templates/battle.vtl[line 63, column 62]
2019-11-29 14:45:05,229 - Left side ($player.healthPotions) of '>' operation has null value at templates/battle.vtl[line 63, column 62]
2019-11-29 14:45:20,481 - Left side ($player.healthPotions) of '>' operation has null value at templates/battle.vtl[line 63, column 62]
2019-11-29 14:45:20,481 - Left side ($player.healthPotions) of '>' operation has null value at templates/battle.vtl[line 63, column 62]
2019-11-29 14:45:29,393 - Left side ($player.healthPotions) of '>' operation has null value at templates/battle.vtl[line 63, column 62]
2019-11-29 14:45:29,393 - Left side ($player.healthPotions) of '>' operation has null value at templates/battle.vtl[line 63, column 62]
2019-11-29 14:45:35,266 - Left side ($player.healthPotions) of '>' operation has null value at templates/battle.vtl[line 63, column 62]
2019-11-29 14:45:35,266 - Left side ($player.healthPotions) of '>' operation has null value at templates/battle.vtl[line 63, column 62]
2019-11-29 14:45:40,225 - Left side ($player.healthPotions) of '>' operation has null value at templates/battle.vtl[line 63, column 62]
2019-11-29 14:45:40,225 - Left side ($player.healthPotions) of '>' operation has null value at templates/battle.vtl[line 63, column 62]
2019-11-29 14:45:45,663 - Left side ($player.healthPotions) of '>' operation has null value at templates/battle.vtl[line 63, column 62]
2019-11-29 14:45:45,663 - Left side ($player.healthPotions) of '>' operation has null value at templates/battle.vtl[line 63, column 62]
2019-11-29 14:45:49,729 - Left side ($player.healthPotions) of '>' operation has null value at templates/battle.vtl[line 63, column 62]
2019-11-29 14:45:49,729 - Left side ($player.healthPotions) of '>' operation has null value at templates/battle.vtl[line 63, column 62]
2019-11-29 14:45:53,417 - Left side ($player.healthPotions) of '>' operation has null value at templates/battle.vtl[line 63, column 62]
2019-11-29 14:45:53,417 - Left side ($player.healthPotions) of '>' operation has null value at templates/battle.vtl[line 63, column 62]
2019-11-29 14:45:57,033 - Left side ($player.healthPotions) of '>' operation has null value at templates/battle.vtl[line 63, column 62]
2019-11-29 14:45:57,033 - Left side ($player.healthPotions) of '>' operation has null value at templates/battle.vtl[line 63, column 62]
2019-11-29 14:46:19,736 - Left side ($player.healthPotions) of '>' operation has null value at templates/battle.vtl[line 63, column 62]
2019-11-29 14:46:19,736 - Left side ($player.healthPotions) of '>' operation has null value at templates/battle.vtl[line 63, column 62]
2019-11-29 14:46:25,341 - Left side ($player.healthPotions) of '>' operation has null value at templates/battle.vtl[line 63, column 62]
2019-11-29 14:46:25,341 - Left side ($player.healthPotions) of '>' operation has null value at templates/battle.vtl[line 63, column 62]
2019-11-29 14:46:33,930 - Left side ($player.healthPotions) of '>' operation has null value at templates/battle.vtl[line 63, column 62]
2019-11-29 14:46:33,930 - Left side ($player.healthPotions) of '>' operation has null value at templates/battle.vtl[line 63, column 62]
2019-11-29 14:46:37,662 - Left side ($player.healthPotions) of '>' operation has null value at templates/battle.vtl[line 63, column 62]
2019-11-29 14:46:37,662 - Left side ($player.healthPotions) of '>' operation has null value at templates/battle.vtl[line 63, column 62]
2019-11-29 14:46:53,330 - Left side ($player.healthPotions) of '>' operation has null value at templates/battle.vtl[line 63, column 62]
2019-11-29 14:46:53,330 - Left side ($player.healthPotions) of '>' operation has null value at templates/battle.vtl[line 63, column 62]
2019-11-29 14:47:02,712 - Left side ($player.healthPotions) of '>' operation has null value at templates/battle.vtl[line 63, column 62]
2019-11-29 14:47:02,712 - Left side ($player.healthPotions) of '>' operation has null value at templates/battle.vtl[line 63, column 62]
2019-11-29 14:47:06,770 - Left side ($player.healthPotions) of '>' operation has null value at templates/battle.vtl[line 63, column 62]
2019-11-29 14:47:06,770 - Left side ($player.healthPotions) of '>' operation has null value at templates/battle.vtl[line 63, column 62]
2019-11-29 14:47:14,021 - Left side ($player.healthPotions) of '>' operation has null value at templates/battle.vtl[line 63, column 62]
2019-11-29 14:47:14,021 - Left side ($player.healthPotions) of '>' operation has null value at templates/battle.vtl[line 63, column 62]
